Copyright 1986-2018 Xilinx, Inc. All Rights Reserved.
-----------------------------------------------------------------------------------------------------
| Tool Version : Vivado v.2018.3 (lin64) Build 2405991 Thu Dec  6 23:36:41 MST 2018
| Date         : Thu Nov  6 20:57:07 2025
| Host         : chenxun-Z790-UD-AC running 64-bit Ubuntu 24.04.3 LTS
| Command      : report_utilization -file fpga_utilization_placed.rpt -pb fpga_utilization_placed.pb
| Design       : fpga
| Device       : xcku035fbva676-2
| Design State : Fully Placed
-----------------------------------------------------------------------------------------------------

Utilization Design Information

Table of Contents
-----------------
1. CLB Logic
1.1 Summary of Registers by Type
2. CLB Logic Distribution
3. BLOCKRAM
4. ARITHMETIC
5. I/O
6. CLOCK
7. ADVANCED
8. CONFIGURATION
9. Primitives
10. Black Boxes
11. Instantiated Netlists

1. CLB Logic
------------

+----------------------------+-------+-------+-----------+-------+
|          Site Type         |  Used | Fixed | Available | Util% |
+----------------------------+-------+-------+-----------+-------+
| CLB LUTs                   | 47724 |     0 |    203128 | 23.49 |
|   LUT as Logic             | 40589 |     0 |    203128 | 19.98 |
|   LUT as Memory            |  7135 |     0 |    112800 |  6.33 |
|     LUT as Distributed RAM |  7044 |     0 |           |       |
|     LUT as Shift Register  |    91 |     0 |           |       |
| CLB Registers              | 53724 |     0 |    406256 | 13.22 |
|   Register as Flip Flop    | 53724 |     0 |    406256 | 13.22 |
|   Register as Latch        |     0 |     0 |    406256 |  0.00 |
| CARRY8                     |  1092 |     0 |     30300 |  3.60 |
| F7 Muxes                   |   792 |     0 |    121200 |  0.65 |
| F8 Muxes                   |   134 |     0 |     60600 |  0.22 |
| F9 Muxes                   |     0 |     0 |     30300 |  0.00 |
+----------------------------+-------+-------+-----------+-------+


1.1 Summary of Registers by Type
--------------------------------

+-------+--------------+-------------+--------------+
| Total | Clock Enable | Synchronous | Asynchronous |
+-------+--------------+-------------+--------------+
| 0     |            _ |           - |            - |
| 0     |            _ |           - |          Set |
| 0     |            _ |           - |        Reset |
| 0     |            _ |         Set |            - |
| 0     |            _ |       Reset |            - |
| 0     |          Yes |           - |            - |
| 45    |          Yes |           - |          Set |
| 83    |          Yes |           - |        Reset |
| 1099  |          Yes |         Set |            - |
| 52497 |          Yes |       Reset |            - |
+-------+--------------+-------------+--------------+


2. CLB Logic Distribution
-------------------------

+--------------------------------------------+-------+-------+-----------+-------+
|                  Site Type                 |  Used | Fixed | Available | Util% |
+--------------------------------------------+-------+-------+-----------+-------+
| CLB                                        | 11850 |     0 |     30300 | 39.11 |
|   CLBL                                     |  5931 |     0 |           |       |
|   CLBM                                     |  5919 |     0 |           |       |
| LUT as Logic                               | 40589 |     0 |    203128 | 19.98 |
|   using O5 output only                     |   602 |       |           |       |
|   using O6 output only                     | 30384 |       |           |       |
|   using O5 and O6                          |  9603 |       |           |       |
| LUT as Memory                              |  7135 |     0 |    112800 |  6.33 |
|   LUT as Distributed RAM                   |  7044 |     0 |           |       |
|     using O5 output only                   |     0 |       |           |       |
|     using O6 output only                   |  2385 |       |           |       |
|     using O5 and O6                        |  4659 |       |           |       |
|   LUT as Shift Register                    |    91 |     0 |           |       |
|     using O5 output only                   |     0 |       |           |       |
|     using O6 output only                   |    27 |       |           |       |
|     using O5 and O6                        |    64 |       |           |       |
| CLB Registers                              | 53724 |     0 |    406256 | 13.22 |
|   Register driven from within the CLB      | 29478 |       |           |       |
|   Register driven from outside the CLB     | 24246 |       |           |       |
|     LUT in front of the register is unused | 17660 |       |           |       |
|     LUT in front of the register is used   |  6586 |       |           |       |
| Unique Control Sets                        |  1763 |       |     60600 |  2.91 |
+--------------------------------------------+-------+-------+-----------+-------+
* Note: Available Control Sets calculated as CLB Registers / 8, Review the Control Sets Report for more information regarding control sets.


3. BLOCKRAM
-----------

+-------------------+------+-------+-----------+-------+
|     Site Type     | Used | Fixed | Available | Util% |
+-------------------+------+-------+-----------+-------+
| Block RAM Tile    |  270 |     0 |       540 | 50.00 |
|   RAMB36/FIFO*    |  253 |     2 |       540 | 46.85 |
|     RAMB36E2 only |  253 |       |           |       |
|   RAMB18          |   34 |    12 |      1080 |  3.15 |
|     RAMB18E2 only |   34 |       |           |       |
+-------------------+------+-------+-----------+-------+
* Note: Each Block RAM Tile only has one FIFO logic available and therefore can accommodate only one FIFO36E2 or one FIFO18E2. However, if a FIFO18E2 occupies a Block RAM Tile, that tile can still accommodate a RAMB18E2


4. ARITHMETIC
-------------

+-----------+------+-------+-----------+-------+
| Site Type | Used | Fixed | Available | Util% |
+-----------+------+-------+-----------+-------+
| DSPs      |    0 |     0 |      1700 |  0.00 |
+-----------+------+-------+-----------+-------+


5. I/O
------

+------------------+------+-------+-----------+-------+
|     Site Type    | Used | Fixed | Available | Util% |
+------------------+------+-------+-----------+-------+
| Bonded IOB       |   69 |    69 |       312 | 22.12 |
| HPIOB            |   17 |    17 |       208 |  8.17 |
|   INPUT          |    4 |       |           |       |
|   OUTPUT         |   11 |       |           |       |
|   BIDIR          |    2 |       |           |       |
| HRIO             |   52 |    52 |       104 | 50.00 |
|   INPUT          |    3 |       |           |       |
|   OUTPUT         |   30 |       |           |       |
|   BIDIR          |   19 |       |           |       |
| HPIOBDIFFINBUF   |    1 |     1 |       192 |  0.52 |
|   DIFFINBUF      |    1 |     1 |           |       |
| HPIOBDIFFOUTBUF  |    0 |     0 |       192 |  0.00 |
| HRIODIFFINBUF    |    0 |     0 |        48 |  0.00 |
| HRIODIFFOUTBUF   |    0 |     0 |        48 |  0.00 |
| BITSLICE_CONTROL |    0 |     0 |        80 |  0.00 |
| BITSLICE_RX_TX   |    0 |     0 |       520 |  0.00 |
| BITSLICE_TX      |    0 |     0 |        80 |  0.00 |
| RIU_OR           |    0 |     0 |        40 |  0.00 |
+------------------+------+-------+-----------+-------+


6. CLOCK
--------

+----------------------+------+-------+-----------+-------+
|       Site Type      | Used | Fixed | Available | Util% |
+----------------------+------+-------+-----------+-------+
| GLOBAL CLOCK BUFFERs |   16 |     0 |       480 |  3.33 |
|   BUFGCE             |    2 |     0 |       240 |  0.83 |
|   BUFGCE_DIV         |    0 |     0 |        40 |  0.00 |
|   BUFG_GT            |   14 |     0 |       120 | 11.67 |
|   BUFGCTRL*          |    0 |     0 |        80 |  0.00 |
| PLLE3_ADV            |    0 |     0 |        20 |  0.00 |
| MMCME3_ADV           |    1 |     0 |        10 | 10.00 |
+----------------------+------+-------+-----------+-------+
* Note: Each used BUFGCTRL counts as two global buffer resources. This table does not include global clocking resources, only buffer cell usage. See the Clock Utilization Report (report_clock_utilization) for detailed accounting of global clocking resource availability.


7. ADVANCED
-----------

+-----------------+------+-------+-----------+-------+
|    Site Type    | Used | Fixed | Available | Util% |
+-----------------+------+-------+-----------+-------+
| GTHE3_CHANNEL   |   10 |    10 |        16 | 62.50 |
| GTHE3_COMMON    |    3 |     0 |         4 | 75.00 |
| IBUFDS_GTE3     |    2 |     2 |         8 | 25.00 |
| OBUFDS_GTE3     |    0 |     0 |         8 |  0.00 |
| OBUFDS_GTE3_ADV |    0 |     0 |         8 |  0.00 |
| PCIE_3_1        |    1 |     1 |         2 | 50.00 |
| SYSMONE1        |    0 |     0 |         1 |  0.00 |
+-----------------+------+-------+-----------+-------+


8. CONFIGURATION
----------------

+-------------+------+-------+-----------+-------+
|  Site Type  | Used | Fixed | Available | Util% |
+-------------+------+-------+-----------+-------+
| BSCANE2     |    0 |     0 |         4 |  0.00 |
| DNA_PORTE2  |    0 |     0 |         1 |  0.00 |
| EFUSE_USR   |    0 |     0 |         1 |  0.00 |
| FRAME_ECCE3 |    0 |     0 |         1 |  0.00 |
| ICAPE3      |    1 |     0 |         2 | 50.00 |
| MASTER_JTAG |    0 |     0 |         1 |  0.00 |
| STARTUPE3   |    0 |     0 |         1 |  0.00 |
+-------------+------+-------+-----------+-------+


9. Primitives
-------------

+---------------+-------+---------------------+
|    Ref Name   |  Used | Functional Category |
+---------------+-------+---------------------+
| FDRE          | 52497 |            Register |
| LUT6          | 17229 |                 CLB |
| LUT3          | 10085 |                 CLB |
| LUT5          |  8391 |                 CLB |
| RAMD32        |  8240 |                 CLB |
| LUT2          |  7181 |                 CLB |
| LUT4          |  6130 |                 CLB |
| RAMD64E       |  2246 |                 CLB |
| RAMS32        |  1213 |                 CLB |
| LUT1          |  1176 |                 CLB |
| FDSE          |  1099 |            Register |
| CARRY8        |  1092 |                 CLB |
| MUXF7         |   792 |                 CLB |
| RAMB36E2      |   253 |           Block Ram |
| SRL16E        |   155 |                 CLB |
| MUXF8         |   134 |                 CLB |
| FDCE          |    83 |            Register |
| FDPE          |    45 |            Register |
| OBUF          |    40 |                 I/O |
| RAMB18E2      |    34 |           Block Ram |
| IBUFCTRL      |    26 |              Others |
| INBUF         |    25 |                 I/O |
| OBUFT         |    22 |                 I/O |
| BUFG_GT       |    14 |               Clock |
| GTHE3_CHANNEL |    10 |            Advanced |
| BUFG_GT_SYNC  |     7 |               Clock |
| RAMS64E       |     4 |                 CLB |
| GTHE3_COMMON  |     3 |            Advanced |
| IBUFDS_GTE3   |     2 |            Advanced |
| BUFGCE        |     2 |               Clock |
| PCIE_3_1      |     1 |            Advanced |
| MMCME3_ADV    |     1 |               Clock |
| ICAPE3        |     1 |       Configuration |
| IBUF_ANALOG   |     1 |                 I/O |
| DIFFINBUF     |     1 |                 I/O |
+---------------+-------+---------------------+


10. Black Boxes
---------------

+----------+------+
| Ref Name | Used |
+----------+------+


11. Instantiated Netlists
-------------------------

+----------------------+------+
|       Ref Name       | Used |
+----------------------+------+
| pcie3_ultrascale_0   |    1 |
| eth_xcvr_gth_full    |    1 |
| eth_xcvr_gth_channel |    1 |
+----------------------+------+


